<?xml version="1.0" encoding="UTF-8"?>
<testng-results ignored="0" total="7" passed="7" failed="0" skipped="0">
  <reporter-output>
  </reporter-output>
  <suite started-at="2021-03-18T19:02:16 IST" name="Default suite" finished-at="2021-03-18T19:03:33 IST" duration-ms="77301">
    <groups>
    </groups>
    <test started-at="2021-03-18T19:02:16 IST" name="Default test" finished-at="2021-03-18T19:03:33 IST" duration-ms="77301">
      <class name="MainClass.SearchBarTestCaseScript">
        <test-method is-config="true" signature="beforeTest()[pri:0, instance:MainClass.SearchBarTestCaseScript@2bbf180e]" started-at="2021-03-18T19:02:16 IST" name="beforeTest" finished-at="2021-03-18T19:02:16 IST" duration-ms="10" status="PASS">
          <reporter-output>
          </reporter-output>
        </test-method> <!-- beforeTest -->
        <test-method is-config="true" signature="beforeClass(java.lang.String)[pri:0, instance:MainClass.SearchBarTestCaseScript@2bbf180e]" started-at="2021-03-18T19:02:16 IST" name="beforeClass" finished-at="2021-03-18T19:02:28 IST" duration-ms="11990" status="PASS">
          <params>
            <param index="0">
              <value>
                <![CDATA[Chrome]]>
              </value>
            </param>
          </params>
          <reporter-output>
          </reporter-output>
        </test-method> <!-- beforeClass -->
        <test-method is-config="true" signature="beforeMethod()[pri:0, instance:MainClass.SearchBarTestCaseScript@2bbf180e]" started-at="2021-03-18T19:02:28 IST" name="beforeMethod" finished-at="2021-03-18T19:02:28 IST" duration-ms="1" status="PASS">
          <reporter-output>
          </reporter-output>
        </test-method> <!-- beforeMethod -->
        <test-method signature="validSearch(java.lang.String)[pri:1, instance:MainClass.SearchBarTestCaseScript@2bbf180e]" started-at="2021-03-18T19:02:28 IST" name="validSearch" data-provider="data-provider1" finished-at="2021-03-18T19:02:36 IST" duration-ms="7536" status="PASS">
          <params>
            <param index="0">
              <value>
                <![CDATA[Dress]]>
              </value>
            </param>
          </params>
          <reporter-output>
          </reporter-output>
        </test-method> <!-- validSearch -->
        <test-method is-config="true" signature="afterMethod()[pri:0, instance:MainClass.SearchBarTestCaseScript@2bbf180e]" started-at="2021-03-18T19:02:36 IST" name="afterMethod" finished-at="2021-03-18T19:02:36 IST" duration-ms="0" status="PASS">
          <reporter-output>
          </reporter-output>
        </test-method> <!-- afterMethod -->
        <test-method is-config="true" signature="beforeMethod()[pri:0, instance:MainClass.SearchBarTestCaseScript@2bbf180e]" started-at="2021-03-18T19:02:36 IST" name="beforeMethod" finished-at="2021-03-18T19:02:36 IST" duration-ms="0" status="PASS">
          <reporter-output>
          </reporter-output>
        </test-method> <!-- beforeMethod -->
        <test-method signature="validSearch(java.lang.String)[pri:1, instance:MainClass.SearchBarTestCaseScript@2bbf180e]" started-at="2021-03-18T19:02:36 IST" name="validSearch" data-provider="data-provider1" finished-at="2021-03-18T19:02:54 IST" duration-ms="17964" status="PASS">
          <params>
            <param index="0">
              <value>
                <![CDATA[kurties]]>
              </value>
            </param>
          </params>
          <reporter-output>
          </reporter-output>
        </test-method> <!-- validSearch -->
        <test-method is-config="true" signature="beforeMethod()[pri:0, instance:MainClass.SearchBarTestCaseScript@2bbf180e]" started-at="2021-03-18T19:02:54 IST" name="beforeMethod" finished-at="2021-03-18T19:02:54 IST" duration-ms="1" status="PASS">
          <reporter-output>
          </reporter-output>
        </test-method> <!-- beforeMethod -->
        <test-method is-config="true" signature="afterMethod()[pri:0, instance:MainClass.SearchBarTestCaseScript@2bbf180e]" started-at="2021-03-18T19:02:54 IST" name="afterMethod" finished-at="2021-03-18T19:02:54 IST" duration-ms="0" status="PASS">
          <reporter-output>
          </reporter-output>
        </test-method> <!-- afterMethod -->
        <test-method signature="validSearch(java.lang.String)[pri:1, instance:MainClass.SearchBarTestCaseScript@2bbf180e]" started-at="2021-03-18T19:02:54 IST" name="validSearch" data-provider="data-provider1" finished-at="2021-03-18T19:03:00 IST" duration-ms="6429" status="PASS">
          <params>
            <param index="0">
              <value>
                <![CDATA[Pants]]>
              </value>
            </param>
          </params>
          <reporter-output>
          </reporter-output>
        </test-method> <!-- validSearch -->
        <test-method is-config="true" signature="afterMethod()[pri:0, instance:MainClass.SearchBarTestCaseScript@2bbf180e]" started-at="2021-03-18T19:03:00 IST" name="afterMethod" finished-at="2021-03-18T19:03:00 IST" duration-ms="0" status="PASS">
          <reporter-output>
          </reporter-output>
        </test-method> <!-- afterMethod -->
        <test-method is-config="true" signature="beforeMethod()[pri:0, instance:MainClass.SearchBarTestCaseScript@2bbf180e]" started-at="2021-03-18T19:03:00 IST" name="beforeMethod" finished-at="2021-03-18T19:03:00 IST" duration-ms="0" status="PASS">
          <reporter-output>
          </reporter-output>
        </test-method> <!-- beforeMethod -->
        <test-method signature="invalidSearch(java.lang.String)[pri:2, instance:MainClass.SearchBarTestCaseScript@2bbf180e]" started-at="2021-03-18T19:03:00 IST" name="invalidSearch" data-provider="data-provider2" finished-at="2021-03-18T19:03:09 IST" duration-ms="9231" status="PASS">
          <params>
            <param index="0">
              <value>
                <![CDATA[Hii]]>
              </value>
            </param>
          </params>
          <reporter-output>
          </reporter-output>
        </test-method> <!-- invalidSearch -->
        <test-method is-config="true" signature="afterMethod()[pri:0, instance:MainClass.SearchBarTestCaseScript@2bbf180e]" started-at="2021-03-18T19:03:09 IST" name="afterMethod" finished-at="2021-03-18T19:03:09 IST" duration-ms="0" status="PASS">
          <reporter-output>
          </reporter-output>
        </test-method> <!-- afterMethod -->
        <test-method is-config="true" signature="beforeMethod()[pri:0, instance:MainClass.SearchBarTestCaseScript@2bbf180e]" started-at="2021-03-18T19:03:09 IST" name="beforeMethod" finished-at="2021-03-18T19:03:09 IST" duration-ms="0" status="PASS">
          <reporter-output>
          </reporter-output>
        </test-method> <!-- beforeMethod -->
        <test-method signature="invalidSearch(java.lang.String)[pri:2, instance:MainClass.SearchBarTestCaseScript@2bbf180e]" started-at="2021-03-18T19:03:09 IST" name="invalidSearch" data-provider="data-provider2" finished-at="2021-03-18T19:03:15 IST" duration-ms="5763" status="PASS">
          <params>
            <param index="0">
              <value>
                <![CDATA[how are you]]>
              </value>
            </param>
          </params>
          <reporter-output>
          </reporter-output>
        </test-method> <!-- invalidSearch -->
        <test-method is-config="true" signature="afterMethod()[pri:0, instance:MainClass.SearchBarTestCaseScript@2bbf180e]" started-at="2021-03-18T19:03:15 IST" name="afterMethod" finished-at="2021-03-18T19:03:15 IST" duration-ms="1" status="PASS">
          <reporter-output>
          </reporter-output>
        </test-method> <!-- afterMethod -->
        <test-method is-config="true" signature="beforeMethod()[pri:0, instance:MainClass.SearchBarTestCaseScript@2bbf180e]" started-at="2021-03-18T19:03:15 IST" name="beforeMethod" finished-at="2021-03-18T19:03:15 IST" duration-ms="0" status="PASS">
          <reporter-output>
          </reporter-output>
        </test-method> <!-- beforeMethod -->
        <test-method signature="invalidSearch(java.lang.String)[pri:2, instance:MainClass.SearchBarTestCaseScript@2bbf180e]" started-at="2021-03-18T19:03:15 IST" name="invalidSearch" data-provider="data-provider2" finished-at="2021-03-18T19:03:22 IST" duration-ms="7291" status="PASS">
          <params>
            <param index="0">
              <value>
                <![CDATA[kem cho]]>
              </value>
            </param>
          </params>
          <reporter-output>
          </reporter-output>
        </test-method> <!-- invalidSearch -->
        <test-method is-config="true" signature="afterMethod()[pri:0, instance:MainClass.SearchBarTestCaseScript@2bbf180e]" started-at="2021-03-18T19:03:22 IST" name="afterMethod" finished-at="2021-03-18T19:03:22 IST" duration-ms="0" status="PASS">
          <reporter-output>
          </reporter-output>
        </test-method> <!-- afterMethod -->
        <test-method is-config="true" signature="beforeMethod()[pri:0, instance:MainClass.SearchBarTestCaseScript@2bbf180e]" started-at="2021-03-18T19:03:22 IST" name="beforeMethod" finished-at="2021-03-18T19:03:22 IST" duration-ms="1" status="PASS">
          <reporter-output>
          </reporter-output>
        </test-method> <!-- beforeMethod -->
        <test-method signature="invalidSearch(java.lang.String)[pri:2, instance:MainClass.SearchBarTestCaseScript@2bbf180e]" started-at="2021-03-18T19:03:22 IST" name="invalidSearch" data-provider="data-provider2" finished-at="2021-03-18T19:03:32 IST" duration-ms="9818" status="PASS">
          <params>
            <param index="0">
              <value>
                <![CDATA[Majama]]>
              </value>
            </param>
          </params>
          <reporter-output>
          </reporter-output>
        </test-method> <!-- invalidSearch -->
        <test-method is-config="true" signature="afterMethod()[pri:0, instance:MainClass.SearchBarTestCaseScript@2bbf180e]" started-at="2021-03-18T19:03:32 IST" name="afterMethod" finished-at="2021-03-18T19:03:32 IST" duration-ms="0" status="PASS">
          <reporter-output>
          </reporter-output>
        </test-method> <!-- afterMethod -->
        <test-method is-config="true" signature="afterClass()[pri:0, instance:MainClass.SearchBarTestCaseScript@2bbf180e]" started-at="2021-03-18T19:03:32 IST" name="afterClass" finished-at="2021-03-18T19:03:33 IST" duration-ms="1186" status="PASS">
          <reporter-output>
          </reporter-output>
        </test-method> <!-- afterClass -->
        <test-method is-config="true" signature="afterTest()[pri:0, instance:MainClass.SearchBarTestCaseScript@2bbf180e]" started-at="2021-03-18T19:03:33 IST" name="afterTest" finished-at="2021-03-18T19:03:33 IST" duration-ms="1" status="PASS">
          <reporter-output>
          </reporter-output>
        </test-method> <!-- afterTest -->
      </class> <!-- MainClass.SearchBarTestCaseScript -->
    </test> <!-- Default test -->
  </suite> <!-- Default suite -->
</testng-results>
