<?xml version="1.0" encoding="UTF-8"?>
<!-- Generated by org.testng.reporters.JUnitXMLReporter -->
<testsuite ignored="0" hostname="DSK-541" failures="0" tests="3" name="Default test" time="57.492" errors="0" timestamp="2021-03-11T15:36:56 IST">
  <testcase classname="MainClass.TestScript" name="contactUsWithFillUpAllDetails" time="6.65"/>
  <testcase classname="MainClass.TestScript" name="contactUsWIthNotFillingUpEmailAddress" time="6.625"/>
  <testcase classname="MainClass.TestScript" name="contactUsWithNotFillingOrderReferenceAndAttachFile" time="4.063"/>
</testsuite> <!-- Default test -->
