<?xml version="1.0" encoding="UTF-8"?>
<!-- Generated by org.testng.reporters.JUnitXMLReporter -->
<testsuite ignored="0" hostname="DSK-541" failures="0" tests="7" name="Default test" time="77.301" errors="0" timestamp="2021-03-18T19:03:33 IST">
  <testcase classname="MainClass.SearchBarTestCaseScript" name="validSearch" time="7.536"/>
  <testcase classname="MainClass.SearchBarTestCaseScript" name="validSearch" time="17.964"/>
  <testcase classname="MainClass.SearchBarTestCaseScript" name="validSearch" time="6.429"/>
  <testcase classname="MainClass.SearchBarTestCaseScript" name="invalidSearch" time="9.231"/>
  <testcase classname="MainClass.SearchBarTestCaseScript" name="invalidSearch" time="5.763"/>
  <testcase classname="MainClass.SearchBarTestCaseScript" name="invalidSearch" time="7.291"/>
  <testcase classname="MainClass.SearchBarTestCaseScript" name="invalidSearch" time="9.818"/>
</testsuite> <!-- Default test -->
