<?xml version="1.0" encoding="UTF-8"?>
<!-- Generated by org.testng.reporters.JUnitXMLReporter -->
<testsuite ignored="0" hostname="DSK-541" failures="0" tests="3" name="ContactUs" time="52.648" errors="0" timestamp="2021-03-11T16:01:53 IST">
  <testcase classname="MainClass.TestScript" name="contactUsWithFillUpAllDetails" time="5.859"/>
  <testcase classname="MainClass.TestScript" name="contactUsWIthNotFillingUpEmailAddress" time="5.718"/>
  <testcase classname="MainClass.TestScript" name="contactUsWithNotFillingOrderReferenceAndAttachFile" time="5.999"/>
</testsuite> <!-- ContactUs -->
